e:\qt\lesson_code\src\xplay2\xplay2\debug\qrc_xplay2.obj
e:\qt\lesson_code\src\xplay2\xplay2\debug\moc_xvideowidget.obj
e:\qt\lesson_code\src\xplay2\xplay2\debug\moc_xplay2.obj
e:\qt\lesson_code\src\xplay2\xplay2\debug\xaudioplay.obj
e:\qt\lesson_code\src\xplay2\xplay2\debug\xdemux.obj
e:\qt\lesson_code\src\xplay2\xplay2\debug\xplay2.obj
e:\qt\lesson_code\src\xplay2\xplay2\debug\xaudiothread.obj
e:\qt\lesson_code\src\xplay2\xplay2\debug\xdemuxthread.obj
e:\qt\lesson_code\src\xplay2\xplay2\debug\main.obj
e:\qt\lesson_code\src\xplay2\xplay2\debug\xvideowidget.obj
e:\qt\lesson_code\src\xplay2\xplay2\debug\xdecode.obj
e:\qt\lesson_code\src\xplay2\xplay2\debug\xdecodethread.obj
e:\qt\lesson_code\src\xplay2\xplay2\debug\xresample.obj
e:\qt\lesson_code\src\xplay2\xplay2\debug\xvideothread.obj
e:\qt\lesson_code\src\xplay2\xplay2\debug\xslider.obj
e:\qt\lesson_code\src\xplay2\xplay2\debug\vc142.pdb
e:\qt\lesson_code\src\xplay2\xplay2\debug\moc_xslider.obj
e:\qt\lesson_code\bin\win32\xplay2.exe
e:\qt\lesson_code\bin\win32\xplay2.ilk
e:\qt\lesson_code\bin\win32\xplay2.pdb
e:\qt\lesson_code\src\xplay2\xplay2\debug\\moc\moc_xplay2.cpp
e:\qt\lesson_code\src\xplay2\xplay2\debug\\moc\moc_xslider.cpp
e:\qt\lesson_code\src\xplay2\xplay2\debug\\moc\moc_xvideowidget.cpp
e:\qt\lesson_code\src\xplay2\xplay2\debug\\rcc\qrc_xplay2.cpp
e:\qt\lesson_code\src\xplay2\xplay2\debug\\uic\ui_xplay2.h
e:\qt\lesson_code\src\xplay2\xplay2\debug\uic\ui_xplay2.h
e:\qt\lesson_code\src\xplay2\xplay2\debug\rcc\qrc_xplay2.cpp
e:\qt\lesson_code\src\xplay2\xplay2\debug\moc\moc_xplay2.cpp
e:\qt\lesson_code\src\xplay2\xplay2\debug\moc\moc_xvideowidget.cpp
e:\qt\lesson_code\src\xplay2\xplay2\debug\moc\moc_xslider.cpp
e:\qt\lesson_code\src\xplay2\xplay2\..\..\..\bin\win32\xplay2.exe
e:\qt\lesson_code\src\xplay2\xplay2\debug\xplay2.tlog\cl.command.1.tlog
e:\qt\lesson_code\src\xplay2\xplay2\debug\xplay2.tlog\cl.read.1.tlog
e:\qt\lesson_code\src\xplay2\xplay2\debug\xplay2.tlog\cl.write.1.tlog
e:\qt\lesson_code\src\xplay2\xplay2\debug\xplay2.tlog\link.19976.delete.1.tlog
e:\qt\lesson_code\src\xplay2\xplay2\debug\xplay2.tlog\link.command.1.tlog
e:\qt\lesson_code\src\xplay2\xplay2\debug\xplay2.tlog\link.read.1.tlog
e:\qt\lesson_code\src\xplay2\xplay2\debug\xplay2.tlog\link.write.1.tlog
e:\qt\lesson_code\src\xplay2\xplay2\debug\xplay2.tlog\moc.read.1u.tlog
e:\qt\lesson_code\src\xplay2\xplay2\debug\xplay2.tlog\moc.write.1u.tlog
e:\qt\lesson_code\src\xplay2\xplay2\debug\xplay2.tlog\rcc.read.1u.tlog
e:\qt\lesson_code\src\xplay2\xplay2\debug\xplay2.tlog\rcc.write.1u.tlog
e:\qt\lesson_code\src\xplay2\xplay2\debug\xplay2.tlog\uic.read.1u.tlog
e:\qt\lesson_code\src\xplay2\xplay2\debug\xplay2.tlog\uic.write.1u.tlog
e:\qt\lesson_code\src\xplay2\xplay2\debug\xplay2.tlog\xplay2.write.1u.tlog
